<?xml version="1.0" encoding="UTF-8"?>
<!-- Generated by org.testng.reporters.JUnitReportReporter -->
<testsuite hostname="DESKTOP-SG9H466" failures="0" tests="3" name="test.Profile" time="15.462" errors="0" timestamp="2021-02-04T17:55:58 IST" skipped="0">
  <testcase classname="test.Profile" name="testBot_Login" time="1.088"/>
  <system-out/>
  <testcase classname="test.Profile" name="test_Profile" time="14.364"/>
  <system-out/>
  <testcase classname="test.Profile" name="testone" time="0.010"/>
  <system-out/>
</testsuite> <!-- test.Profile -->
