<?xml version="1.0" encoding="UTF-8"?>
<!-- Generated by org.testng.reporters.JUnitReportReporter -->
<testsuite hostname="DESKTOP-SG9H466" failures="0" tests="1" name="util.BaseTest" time="0.024" errors="0" timestamp="2021-02-04T16:50:43 IST" skipped="0">
  <testcase classname="util.BaseTest" name="testone" time="0.024"/>
  <system-out/>
</testsuite> <!-- util.BaseTest -->
