<?xml version="1.0" encoding="UTF-8"?>
<!-- Generated by org.testng.reporters.JUnitReportReporter -->
<testsuite hostname="DESKTOP-SG9H466" failures="0" tests="2" name="test.InstaBot" time="1.313" errors="0" timestamp="2021-02-04T16:54:09 IST" skipped="0">
  <testcase classname="test.InstaBot" name="testone" time="0.011"/>
  <system-out/>
  <testcase classname="test.InstaBot" name="testBot_Login" time="1.302"/>
  <system-out/>
</testsuite> <!-- test.InstaBot -->
